<?xml version="1.0" encoding="UTF-8"?>
<testng-results ignored="0" total="1" passed="1" failed="0" skipped="0">
  <reporter-output>
  </reporter-output>
  <suite started-at="2025-10-27T13:06:21 IST" name="Default suite" finished-at="2025-10-27T13:06:21 IST" duration-ms="75">
    <groups>
    </groups>
    <test started-at="2025-10-27T13:06:21 IST" name="Default test" finished-at="2025-10-27T13:06:21 IST" duration-ms="75">
      <class name="demo.GitPractice">
        <test-method signature="demoUser()[pri:0, instance:demo.GitPractice@4c371370]" started-at="2025-10-27T13:06:21 IST" name="demoUser" finished-at="2025-10-27T13:06:21 IST" duration-ms="13" status="PASS">
          <reporter-output>
          </reporter-output>
        </test-method> <!-- demoUser -->
      </class> <!-- demo.GitPractice -->
    </test> <!-- Default test -->
  </suite> <!-- Default suite -->
</testng-results>
